<?xml version="1.0" encoding="UTF-8"?>
<testsuite name="ArmstrongNumbersTest" tests="9" skipped="0" failures="0" errors="0" timestamp="2024-08-29T20:47:24" hostname="YW99VM9NKM" time="0.153">
  <properties/>
  <testcase name="threeDigitNumberIsNotArmstrongNumber()" classname="ArmstrongNumbersTest" time="0.137"/>
  <testcase name="sevenDigitNumberIsNotArmstrongNumber()" classname="ArmstrongNumbersTest" time="0.001"/>
  <testcase name="noTwoDigitArmstrongNumbers()" classname="ArmstrongNumbersTest" time="0.0"/>
  <testcase name="singleDigitsAreArmstrongNumbers()" classname="ArmstrongNumbersTest" time="0.001"/>
  <testcase name="zeroIsArmstrongNumber()" classname="ArmstrongNumbersTest" time="0.001"/>
  <testcase name="sevenDigitNumberIsArmstrongNumber()" classname="ArmstrongNumbersTest" time="0.001"/>
  <testcase name="fourDigitNumberIsNotArmstrongNumber()" classname="ArmstrongNumbersTest" time="0.001"/>
  <testcase name="fourDigitNumberIsArmstrongNumber()" classname="ArmstrongNumbersTest" time="0.001"/>
  <testcase name="threeDigitNumberIsArmstrongNumber()" classname="ArmstrongNumbersTest" time="0.003"/>
  <system-out><![CDATA[Total 1, Number to check 100Total 9864574, Number to check 9926314Total 1, Number to check 10Total 5, Number to check 5Total 0, Number to check 0Total 9926315, Number to check 9926315Total 9843, Number to check 9475Total 9474, Number to check 9474Total 153, Number to check 153]]></system-out>
  <system-err><![CDATA[]]></system-err>
</testsuite>
