<?xml version="1.0" encoding="UTF-8"?>
<testsuite name="DnDCharacterTest" tests="1" skipped="0" failures="0" errors="0" timestamp="2024-08-30T16:29:13" hostname="YW99VM9NKM" time="0.031">
  <properties/>
  <testcase name="testUniqueCharacterIsCreated()" classname="DnDCharacterTest" time="0.031"/>
  <system-out><![CDATA[]]></system-out>
  <system-err><![CDATA[]]></system-err>
</testsuite>
